<?xml version="1.0" encoding="UTF-8"?>
<testsuite name="org.tdd.item.ContextTest$DependencyChecked$WithQualifier" tests="15" skipped="0" failures="0" errors="0" timestamp="2022-12-13T07:13:06" hostname="umbrella" time="0.063">
  <properties/>
  <testcase name="Inject Constructor Qualifier -&gt; @SkyWater(Inject constructor Qualifier) -&gt; @Named(&quot;ChosenOne&quot;) not cyclic dependencies" classname="org.tdd.item.ContextTest$DependencyChecked$WithQualifier" time="0.003"/>
  <testcase name="Inject Field Qualifier -&gt; @SkyWater(Inject constructor Qualifier) -&gt; @Named(&quot;ChosenOne&quot;) not cyclic dependencies" classname="org.tdd.item.ContextTest$DependencyChecked$WithQualifier" time="0.002"/>
  <testcase name="Inject Method Qualifier -&gt; @SkyWater(Inject constructor Qualifier) -&gt; @Named(&quot;ChosenOne&quot;) not cyclic dependencies" classname="org.tdd.item.ContextTest$DependencyChecked$WithQualifier" time="0.001"/>
  <testcase name="Inject Constructor Qualifier -&gt; @SkyWater(Inject Field Qualifier) -&gt; @Named(&quot;ChosenOne&quot;) not cyclic dependencies" classname="org.tdd.item.ContextTest$DependencyChecked$WithQualifier" time="0.002"/>
  <testcase name="Inject Field Qualifier -&gt; @SkyWater(Inject Field Qualifier) -&gt; @Named(&quot;ChosenOne&quot;) not cyclic dependencies" classname="org.tdd.item.ContextTest$DependencyChecked$WithQualifier" time="0.002"/>
  <testcase name="Inject Method Qualifier -&gt; @SkyWater(Inject Field Qualifier) -&gt; @Named(&quot;ChosenOne&quot;) not cyclic dependencies" classname="org.tdd.item.ContextTest$DependencyChecked$WithQualifier" time="0.002"/>
  <testcase name="Inject Constructor Qualifier -&gt; @SkyWater(Inject Method Qualifier) -&gt; @Named(&quot;ChosenOne&quot;) not cyclic dependencies" classname="org.tdd.item.ContextTest$DependencyChecked$WithQualifier" time="0.001"/>
  <testcase name="Inject Field Qualifier -&gt; @SkyWater(Inject Method Qualifier) -&gt; @Named(&quot;ChosenOne&quot;) not cyclic dependencies" classname="org.tdd.item.ContextTest$DependencyChecked$WithQualifier" time="0.001"/>
  <testcase name="Inject Method Qualifier -&gt; @SkyWater(Inject Method Qualifier) -&gt; @Named(&quot;ChosenOne&quot;) not cyclic dependencies" classname="org.tdd.item.ContextTest$DependencyChecked$WithQualifier" time="0.001"/>
  <testcase name="[1] Inject Constructor Qualifier" classname="org.tdd.item.ContextTest$DependencyChecked$WithQualifier" time="0.011"/>
  <testcase name="[2] Inject Field Qualifier" classname="org.tdd.item.ContextTest$DependencyChecked$WithQualifier" time="0.001"/>
  <testcase name="[3] Inject Method Qualifier" classname="org.tdd.item.ContextTest$DependencyChecked$WithQualifier" time="0.002"/>
  <testcase name="[4] Provider in Inject Constructor Qualifier" classname="org.tdd.item.ContextTest$DependencyChecked$WithQualifier" time="0.002"/>
  <testcase name="[5] Provider in Inject Field Qualifier" classname="org.tdd.item.ContextTest$DependencyChecked$WithQualifier" time="0.002"/>
  <testcase name="[6] Provider in Inject Method Qualifier" classname="org.tdd.item.ContextTest$DependencyChecked$WithQualifier" time="0.001"/>
  <system-out><![CDATA[]]></system-out>
  <system-err><![CDATA[]]></system-err>
</testsuite>
