<?xml version="1.0" encoding="UTF-8"?>
<testsuite name="org.tdd.item.ContextTest$DependencyChecked" tests="45" skipped="0" failures="0" errors="0" timestamp="2022-12-13T07:13:06" hostname="umbrella" time="0.13">
  <properties/>
  <testcase name="indirect cyclic dependency between Inject constructor Inject Constructor and Inject Constructor" classname="org.tdd.item.ContextTest$DependencyChecked" time="0.003"/>
  <testcase name="indirect cyclic dependency between Inject constructor Inject Constructor and Inject Field" classname="org.tdd.item.ContextTest$DependencyChecked" time="0.001"/>
  <testcase name="indirect cyclic dependency between Inject constructor Inject Constructor and Inject Method" classname="org.tdd.item.ContextTest$DependencyChecked" time="0.002"/>
  <testcase name="indirect cyclic dependency between Inject constructor Inject Field and Inject Constructor" classname="org.tdd.item.ContextTest$DependencyChecked" time="0.001"/>
  <testcase name="indirect cyclic dependency between Inject constructor Inject Field and Inject Field" classname="org.tdd.item.ContextTest$DependencyChecked" time="0.001"/>
  <testcase name="indirect cyclic dependency between Inject constructor Inject Field and Inject Method" classname="org.tdd.item.ContextTest$DependencyChecked" time="0.001"/>
  <testcase name="indirect cyclic dependency between Inject constructor Inject Method and Inject Constructor" classname="org.tdd.item.ContextTest$DependencyChecked" time="0.002"/>
  <testcase name="indirect cyclic dependency between Inject constructor Inject Method and Inject Field" classname="org.tdd.item.ContextTest$DependencyChecked" time="0.001"/>
  <testcase name="indirect cyclic dependency between Inject constructor Inject Method and Inject Method" classname="org.tdd.item.ContextTest$DependencyChecked" time="0.001"/>
  <testcase name="indirect cyclic dependency between Inject Field Inject Constructor and Inject Constructor" classname="org.tdd.item.ContextTest$DependencyChecked" time="0.001"/>
  <testcase name="indirect cyclic dependency between Inject Field Inject Constructor and Inject Field" classname="org.tdd.item.ContextTest$DependencyChecked" time="0.0"/>
  <testcase name="indirect cyclic dependency between Inject Field Inject Constructor and Inject Method" classname="org.tdd.item.ContextTest$DependencyChecked" time="0.001"/>
  <testcase name="indirect cyclic dependency between Inject Field Inject Field and Inject Constructor" classname="org.tdd.item.ContextTest$DependencyChecked" time="0.002"/>
  <testcase name="indirect cyclic dependency between Inject Field Inject Field and Inject Field" classname="org.tdd.item.ContextTest$DependencyChecked" time="0.001"/>
  <testcase name="indirect cyclic dependency between Inject Field Inject Field and Inject Method" classname="org.tdd.item.ContextTest$DependencyChecked" time="0.001"/>
  <testcase name="indirect cyclic dependency between Inject Field Inject Method and Inject Constructor" classname="org.tdd.item.ContextTest$DependencyChecked" time="0.002"/>
  <testcase name="indirect cyclic dependency between Inject Field Inject Method and Inject Field" classname="org.tdd.item.ContextTest$DependencyChecked" time="0.001"/>
  <testcase name="indirect cyclic dependency between Inject Field Inject Method and Inject Method" classname="org.tdd.item.ContextTest$DependencyChecked" time="0.002"/>
  <testcase name="indirect cyclic dependency between Inject Method Inject Constructor and Inject Constructor" classname="org.tdd.item.ContextTest$DependencyChecked" time="0.001"/>
  <testcase name="indirect cyclic dependency between Inject Method Inject Constructor and Inject Field" classname="org.tdd.item.ContextTest$DependencyChecked" time="0.001"/>
  <testcase name="indirect cyclic dependency between Inject Method Inject Constructor and Inject Method" classname="org.tdd.item.ContextTest$DependencyChecked" time="0.001"/>
  <testcase name="indirect cyclic dependency between Inject Method Inject Field and Inject Constructor" classname="org.tdd.item.ContextTest$DependencyChecked" time="0.002"/>
  <testcase name="indirect cyclic dependency between Inject Method Inject Field and Inject Field" classname="org.tdd.item.ContextTest$DependencyChecked" time="0.001"/>
  <testcase name="indirect cyclic dependency between Inject Method Inject Field and Inject Method" classname="org.tdd.item.ContextTest$DependencyChecked" time="0.001"/>
  <testcase name="indirect cyclic dependency between Inject Method Inject Method and Inject Constructor" classname="org.tdd.item.ContextTest$DependencyChecked" time="0.001"/>
  <testcase name="indirect cyclic dependency between Inject Method Inject Method and Inject Field" classname="org.tdd.item.ContextTest$DependencyChecked" time="0.002"/>
  <testcase name="indirect cyclic dependency between Inject Method Inject Method and Inject Method" classname="org.tdd.item.ContextTest$DependencyChecked" time="0.002"/>
  <testcase name="[1] Inject Constructor" classname="org.tdd.item.ContextTest$DependencyChecked" time="0.001"/>
  <testcase name="[2] Inject Field" classname="org.tdd.item.ContextTest$DependencyChecked" time="0.001"/>
  <testcase name="[3] Inject Method" classname="org.tdd.item.ContextTest$DependencyChecked" time="0.001"/>
  <testcase name="[4] Provider in Inject Constructor" classname="org.tdd.item.ContextTest$DependencyChecked" time="0.001"/>
  <testcase name="[5] Provider in Inject Field" classname="org.tdd.item.ContextTest$DependencyChecked" time="0.001"/>
  <testcase name="[6] Provider in Inject Method" classname="org.tdd.item.ContextTest$DependencyChecked" time="0.002"/>
  <testcase name="[7] Scope  in Inject Field" classname="org.tdd.item.ContextTest$DependencyChecked" time="0.003"/>
  <testcase name="[8] Scope Provider in Inject Field" classname="org.tdd.item.ContextTest$DependencyChecked" time="0.001"/>
  <testcase name="cyclic dependency between Inject constructor and Inject Constructor" classname="org.tdd.item.ContextTest$DependencyChecked" time="0.002"/>
  <testcase name="cyclic dependency between Inject constructor and Inject Field" classname="org.tdd.item.ContextTest$DependencyChecked" time="0.001"/>
  <testcase name="cyclic dependency between Inject constructor and Inject Method" classname="org.tdd.item.ContextTest$DependencyChecked" time="0.001"/>
  <testcase name="cyclic dependency between Inject Field and Inject Constructor" classname="org.tdd.item.ContextTest$DependencyChecked" time="0.001"/>
  <testcase name="cyclic dependency between Inject Field and Inject Field" classname="org.tdd.item.ContextTest$DependencyChecked" time="0.002"/>
  <testcase name="cyclic dependency between Inject Field and Inject Method" classname="org.tdd.item.ContextTest$DependencyChecked" time="0.001"/>
  <testcase name="cyclic dependency between Inject Method and Inject Constructor" classname="org.tdd.item.ContextTest$DependencyChecked" time="0.001"/>
  <testcase name="cyclic dependency between Inject Method and Inject Field" classname="org.tdd.item.ContextTest$DependencyChecked" time="0.002"/>
  <testcase name="cyclic dependency between Inject Method and Inject Method" classname="org.tdd.item.ContextTest$DependencyChecked" time="0.001"/>
  <testcase name="should_not_throw_exception_if_cyclic_dependency_via_provider()" classname="org.tdd.item.ContextTest$DependencyChecked" time="0.002"/>
  <system-out><![CDATA[]]></system-out>
  <system-err><![CDATA[]]></system-err>
</testsuite>
