<?xml version="1.0" encoding="UTF-8"?>
<testsuite name="org.tdd.item.InjectTest$MethodInjection$IllegalInjectMethods" tests="1" skipped="0" failures="0" errors="0" timestamp="2022-12-13T09:20:26" hostname="umbrella" time="0.002">
  <properties/>
  <testcase name="should_throw_exception_inject_method_if_type_parameter_defined()" classname="org.tdd.item.InjectTest$MethodInjection$IllegalInjectMethods" time="0.002"/>
  <system-out><![CDATA[]]></system-out>
  <system-err><![CDATA[]]></system-err>
</testsuite>
