<?xml version="1.0" encoding="UTF-8"?>
<testsuite name="org.tdd.item.ContextTest$TypeBinding$WithScope$WithQualifier" tests="3" skipped="0" failures="0" errors="0" timestamp="2022-12-13T09:20:25" hostname="umbrella" time="0.005">
  <properties/>
  <testcase name="should_retrieve_scope_annotation_from_component()" classname="org.tdd.item.ContextTest$TypeBinding$WithScope$WithQualifier" time="0.001"/>
  <testcase name="should_bind_component_as_singleton_scoped()" classname="org.tdd.item.ContextTest$TypeBinding$WithScope$WithQualifier" time="0.001"/>
  <testcase name="should_not_be_singleton_scope_by_default()" classname="org.tdd.item.ContextTest$TypeBinding$WithScope$WithQualifier" time="0.001"/>
  <system-out><![CDATA[]]></system-out>
  <system-err><![CDATA[]]></system-err>
</testsuite>
